<?xml version="1.0" encoding="UTF-8"?>
<!-- Generated by org.testng.reporters.JUnitReportReporter -->
<testsuite hostname="Phobos" name="imdb_tests.imdb_top250_tests" tests="3" failures="0" timestamp="7 Oct 2016 08:51:40 GMT" time="29.551" errors="0">
  <testcase name="testOfGenre" time="2.742" classname="imdb_tests.imdb_top250_tests"/>
  <testcase name="testOfTop250" time="0.059" classname="imdb_tests.imdb_top250_tests"/>
  <testcase name="testOfSorting" time="26.750" classname="imdb_tests.imdb_top250_tests"/>
</testsuite> <!-- imdb_tests.imdb_top250_tests -->
