<?xml version="1.0" encoding="UTF-8"?>
<!-- Generated by org.testng.reporters.JUnitReportReporter -->
<testsuite hostname="Phobos" name="imdb_tests.imdb_top250_tests" tests="1" failures="0" timestamp="6 Oct 2016 22:18:19 GMT" time="26.977" errors="0">
  <testcase name="testOfSorting" time="26.977" classname="imdb_tests.imdb_top250_tests"/>
</testsuite> <!-- imdb_tests.imdb_top250_tests -->
