<?xml version="1.0" encoding="UTF-8"?>
<!-- Generated by org.testng.reporters.JUnitReportReporter -->
<testsuite hostname="Phobos" name="imdb_tests.imdb_top250_tests" tests="3" failures="0" timestamp="7 Oct 2016 06:31:28 GMT" time="29.435" errors="0">
  <testcase name="testOfGenre" time="2.582" classname="imdb_tests.imdb_top250_tests"/>
  <testcase name="testOfSorting" time="26.787" classname="imdb_tests.imdb_top250_tests"/>
  <testcase name="testOfTop250" time="0.066" classname="imdb_tests.imdb_top250_tests"/>
</testsuite> <!-- imdb_tests.imdb_top250_tests -->
